<?xml version="1.0" encoding="UTF-8"?>
<!-- Generated by org.testng.reporters.JUnitReportReporter -->
<testsuite hostname="DESKTOP-T0F1EFD" failures="0" tests="2" name="testRunner.RunTestNGTest" time="69.274" errors="0" timestamp="2021-02-23T18:38:25 CET" skipped="0">
  <testcase classname="testRunner.RunTestNGTest" name="runScenario" time="43.663"/>
  <system-out/>
  <testcase classname="testRunner.RunTestNGTest" name="runScenario" time="25.611"/>
  <system-out/>
</testsuite> <!-- testRunner.RunTestNGTest -->
