<?xml version="1.0" encoding="UTF-8"?>
<!-- Generated by org.testng.reporters.JUnitReportReporter -->
<testsuite hostname="DESKTOP-8IU47NN" failures="0" tests="2" name="testRunner.RunTestNGTest" time="35.505" errors="0" timestamp="2021-03-02T16:49:12 CET" skipped="0">
  <testcase classname="testRunner.RunTestNGTest" name="runScenario" time="9.032"/>
  <system-out/>
  <testcase classname="testRunner.RunTestNGTest" name="runScenario" time="26.473"/>
  <system-out/>
</testsuite> <!-- testRunner.RunTestNGTest -->
