<?xml version="1.0" encoding="UTF-8"?>
<!-- Generated by org.testng.reporters.JUnitReportReporter -->
<testsuite hostname="DESKTOP-8IU47NN" failures="0" tests="2" name="testRunner.RunTestNGTest" time="48.575" errors="0" timestamp="2021-03-04T14:17:24 CET" skipped="0">
  <testcase classname="testRunner.RunTestNGTest" name="runScenario" time="40.621"/>
  <system-out/>
  <testcase classname="testRunner.RunTestNGTest" name="runScenario" time="7.954"/>
  <system-out/>
</testsuite> <!-- testRunner.RunTestNGTest -->
