<?xml version="1.0" encoding="UTF-8"?>
<!-- Generated by org.testng.reporters.JUnitReportReporter -->
<testsuite hostname="DESKTOP-8IU47NN" failures="0" tests="2" name="testRunner.RunTestNGTest" time="48.564" errors="0" timestamp="2021-03-04T14:53:05 CET" skipped="0">
  <testcase classname="testRunner.RunTestNGTest" name="runScenario" time="40.694"/>
  <system-out/>
  <testcase classname="testRunner.RunTestNGTest" name="runScenario" time="7.870"/>
  <system-out/>
</testsuite> <!-- testRunner.RunTestNGTest -->
