<?xml version="1.0" encoding="UTF-8"?>
<!-- Generated by org.testng.reporters.JUnitReportReporter -->
<testsuite hostname="DESKTOP-8IU47NN" failures="0" tests="2" name="testRunner.RunTestNGTest" time="43.584" errors="0" timestamp="2021-03-04T10:04:04 CET" skipped="0">
  <testcase classname="testRunner.RunTestNGTest" name="runScenario" time="7.720"/>
  <system-out/>
  <testcase classname="testRunner.RunTestNGTest" name="runScenario" time="35.864"/>
  <system-out/>
</testsuite> <!-- testRunner.RunTestNGTest -->
