<?xml version="1.0" encoding="UTF-8"?>
<!-- Generated by org.testng.reporters.JUnitReportReporter -->
<testsuite hostname="DESKTOP-8IU47NN" failures="0" tests="2" name="testRunner.RunTestNGTest" time="43.826" errors="0" timestamp="2021-03-03T10:54:16 CET" skipped="0">
  <testcase classname="testRunner.RunTestNGTest" name="runScenario" time="9.676"/>
  <system-out/>
  <testcase classname="testRunner.RunTestNGTest" name="runScenario" time="34.150"/>
  <system-out/>
</testsuite> <!-- testRunner.RunTestNGTest -->
