<?xml version="1.0" encoding="UTF-8"?>
<!-- Generated by org.testng.reporters.JUnitReportReporter -->
<testsuite hostname="DESKTOP-8IU47NN" failures="0" tests="2" name="testRunner.RunTestNGTest" time="39.613" errors="0" timestamp="2021-03-03T16:21:53 CET" skipped="0">
  <testcase classname="testRunner.RunTestNGTest" name="runScenario" time="7.606"/>
  <system-out/>
  <testcase classname="testRunner.RunTestNGTest" name="runScenario" time="32.007"/>
  <system-out/>
</testsuite> <!-- testRunner.RunTestNGTest -->
